0 info it worked if it ends with ok
1 verbose cli [ 'C:\\Program Files\\nodejs\\node.exe',
1 verbose cli   'C:\\Program Files\\nodejs\\node_modules\\npm\\bin\\npm-cli.js',
1 verbose cli   'start' ]
2 info using npm@3.10.10
3 info using node@v6.12.2
4 verbose run-script [ 'prestart', 'start', 'poststart' ]
5 info lifecycle mygamename@0.0.1~prestart: mygamename@0.0.1
6 silly lifecycle mygamename@0.0.1~prestart: no script for prestart, continuing
7 info lifecycle mygamename@0.0.1~start: mygamename@0.0.1
8 verbose lifecycle mygamename@0.0.1~start: unsafe-perm in lifecycle true
9 verbose lifecycle mygamename@0.0.1~start: PATH: C:\Program Files\nodejs\node_modules\npm\bin\node-gyp-bin;C:\Users\Sam\Documents\GitHub\Voxel_P2P_Game\game\node_modules\.bin;C:\tools\ruby24\bin;C:\ProgramData\Oracle\Java\javapath;C:\Windows\system32;C:\Windows;C:\Windows\System32\Wbem;C:\Windows\System32\WindowsPowerShell\v1.0\;C:\Ruby22-x64\bin;C:\Program Files\Microsoft SQL Server\Client SDK\ODBC\110\Tools\Binn\;C:\Program Files (x86)\Microsoft SQL Server\120\Tools\Binn\;C:\Program Files\Microsoft SQL Server\120\Tools\Binn\;C:\Program Files\Microsoft SQL Server\120\DTS\Binn\;C:\Program Files (x86)\Microsoft SQL Server\120\Tools\Binn\ManagementStudio\;C:\Program Files (x86)\Microsoft SQL Server\120\DTS\Binn\;C:\Program Files\Intel\WiFi\bin\;C:\Program Files\Common Files\Intel\WirelessCommon\;C:\Program Files\Microsoft SQL Server\130\Tools\Binn\;C:\Windows\System32\WindowsPowerShell\v1.0\;C:\Program Files (x86)\Microsoft Visual Studio 14.0\Common7\IDE;C:\Program Files (x86)\Microsoft Team Foundation Server 2015 Power Tools\;C:\Program Files\Git\cmd;C:\Program Files\dotnet\;C:\Program Files (x86)\NVIDIA Corporation\PhysX\Common;C:\Windows\System32\WindowsPowerShell\v1.0\;C:\Users\Sam\AppData\Roaming\npm;C:\Program Files\nodejs\;C:\ProgramData\chocolatey\bin;C:\Ruby24-x64\bin;C:\Users\Sam\.dnx\bin;C:\Ruby21\bin;C:\Program Files\Intel\WiFi\bin\;C:\Program Files\Common Files\Intel\WirelessCommon\;C:\Program Files (x86)\Microsoft VS Code\bin;C:\Users\Sam\AppData\Local\GitHubDesktop\bin;C:\Users\Sam\AppData\Roaming\npm
10 verbose lifecycle mygamename@0.0.1~start: CWD: C:\Users\Sam\Documents\GitHub\Voxel_P2P_Game\game
11 silly lifecycle mygamename@0.0.1~start: Args: [ '/d /s /c', 'watchify mygame.js -o builtgame.js' ]
12 silly lifecycle mygamename@0.0.1~start: Returned: code: 1  signal: null
13 info lifecycle mygamename@0.0.1~start: Failed to exec start script
14 verbose stack Error: mygamename@0.0.1 start: `watchify mygame.js -o builtgame.js`
14 verbose stack Exit status 1
14 verbose stack     at EventEmitter.<anonymous> (C:\Program Files\nodejs\node_modules\npm\lib\utils\lifecycle.js:255:16)
14 verbose stack     at emitTwo (events.js:106:13)
14 verbose stack     at EventEmitter.emit (events.js:191:7)
14 verbose stack     at ChildProcess.<anonymous> (C:\Program Files\nodejs\node_modules\npm\lib\utils\spawn.js:40:14)
14 verbose stack     at emitTwo (events.js:106:13)
14 verbose stack     at ChildProcess.emit (events.js:191:7)
14 verbose stack     at maybeClose (internal/child_process.js:920:16)
14 verbose stack     at Process.ChildProcess._handle.onexit (internal/child_process.js:230:5)
15 verbose pkgid mygamename@0.0.1
16 verbose cwd C:\Users\Sam\Documents\GitHub\Voxel_P2P_Game\game
17 error Windows_NT 6.1.7601
18 error argv "C:\\Program Files\\nodejs\\node.exe" "C:\\Program Files\\nodejs\\node_modules\\npm\\bin\\npm-cli.js" "start"
19 error node v6.12.2
20 error npm  v3.10.10
21 error code ELIFECYCLE
22 error mygamename@0.0.1 start: `watchify mygame.js -o builtgame.js`
22 error Exit status 1
23 error Failed at the mygamename@0.0.1 start script 'watchify mygame.js -o builtgame.js'.
23 error Make sure you have the latest version of node.js and npm installed.
23 error If you do, this is most likely a problem with the mygamename package,
23 error not with npm itself.
23 error Tell the author that this fails on your system:
23 error     watchify mygame.js -o builtgame.js
23 error You can get information on how to open an issue for this project with:
23 error     npm bugs mygamename
23 error Or if that isn't available, you can get their info via:
23 error     npm owner ls mygamename
23 error There is likely additional logging output above.
24 verbose exit [ 1, true ]
